<?xml version="1.0" encoding="UTF-8"?>
<!-- Generated by org.testng.reporters.JUnitReportReporter -->
<testsuite hostname="9755419-ATWTAP9" failures="0" tests="2" name="demo_package.Demo1" time="0.007" errors="0" timestamp="2021-01-13T11:41:35 GMT" skipped="0">
  <testcase classname="demo_package.Demo1" name="testCase2" time="0.002"/>
  <system-out/>
  <testcase classname="demo_package.Demo1" name="testCase1" time="0.005"/>
  <system-out/>
</testsuite> <!-- demo_package.Demo1 -->
